
*** Running vivado
    with args -log dcm_25m.vds -m64 -product Vivado -mode batch -messageDb vivado.pb -notrace -source dcm_25m.tcl


****** Vivado v2017.2 (64-bit)
  **** SW Build 1909853 on Thu Jun 15 18:39:09 MDT 2017
  **** IP Build 1909766 on Thu Jun 15 19:58:00 MDT 2017
    ** Copyright 1986-2017 Xilinx, Inc. All Rights Reserved.

source dcm_25m.tcl -notrace
Starting RTL Elaboration : Time (s): cpu = 00:00:07 ; elapsed = 00:00:13 . Memory (MB): peak = 317.934 ; gain = 77.992
INFO: [Synth 8-638] synthesizing module 'dcm_25m' [e:/program/vivado_workspace/vga_exp/vga_exp.srcs/sources_1/ip/dcm_25m/dcm_25m.v:70]
INFO: [Synth 8-638] synthesizing module 'dcm_25m_clk_wiz' [e:/program/vivado_workspace/vga_exp/vga_exp.srcs/sources_1/ip/dcm_25m/dcm_25m_clk_wiz.v:68]
INFO: [Synth 8-638] synthesizing module 'IBUF' [D:/vivado/Vivado/2017.2/scripts/rt/data/unisim_comp.v:14470]
INFO: [Synth 8-256] done synthesizing module 'IBUF' (1#1) [D:/vivado/Vivado/2017.2/scripts/rt/data/unisim_comp.v:14470]
INFO: [Synth 8-638] synthesizing module 'MMCME2_ADV' [D:/vivado/Vivado/2017.2/scripts/rt/data/unisim_comp.v:20759]
INFO: [Synth 8-256] done synthesizing module 'MMCME2_ADV' (2#1) [D:/vivado/Vivado/2017.2/scripts/rt/data/unisim_comp.v:20759]
INFO: [Synth 8-638] synthesizing module 'BUFG' [D:/vivado/Vivado/2017.2/scripts/rt/data/unisim_comp.v:607]
INFO: [Synth 8-256] done synthesizing module 'BUFG' (3#1) [D:/vivado/Vivado/2017.2/scripts/rt/data/unisim_comp.v:607]
INFO: [Synth 8-256] done synthesizing module 'dcm_25m_clk_wiz' (4#1) [e:/program/vivado_workspace/vga_exp/vga_exp.srcs/sources_1/ip/dcm_25m/dcm_25m_clk_wiz.v:68]
INFO: [Synth 8-256] done synthesizing module 'dcm_25m' (5#1) [e:/program/vivado_workspace/vga_exp/vga_exp.srcs/sources_1/ip/dcm_25m/dcm_25m.v:70]
Finished RTL Elaboration : Time (s): cpu = 00:00:11 ; elapsed = 00:00:21 . Memory (MB): peak = 358.262 ; gain = 118.320
Finished RTL Optimization Phase 1 : Time (s): cpu = 00:00:11 ; elapsed = 00:00:22 . Memory (MB): peak = 358.262 ; gain = 118.320
INFO: [Device 21-403] Loading part xc7a35tcsg324-1
Constraint Validation Runtime : Time (s): cpu = 00:00:00 ; elapsed = 00:00:00.209 . Memory (MB): peak = 571.613 ; gain = 0.000
Finished Constraint Validation : Time (s): cpu = 00:00:43 ; elapsed = 00:01:25 . Memory (MB): peak = 571.613 ; gain = 331.672
Finished Loading Part and Timing Information : Time (s): cpu = 00:00:43 ; elapsed = 00:01:25 . Memory (MB): peak = 571.613 ; gain = 331.672
Finished applying 'set_property' XDC Constraints : Time (s): cpu = 00:00:43 ; elapsed = 00:01:26 . Memory (MB): peak = 571.613 ; gain = 331.672
Finished RTL Optimization Phase 2 : Time (s): cpu = 00:00:43 ; elapsed = 00:01:27 . Memory (MB): peak = 571.613 ; gain = 331.672
Finished Cross Boundary and Area Optimization : Time (s): cpu = 00:00:45 ; elapsed = 00:01:29 . Memory (MB): peak = 571.613 ; gain = 331.672
Finished Applying XDC Timing Constraints : Time (s): cpu = 00:01:14 ; elapsed = 00:02:05 . Memory (MB): peak = 594.773 ; gain = 354.832
Finished Timing Optimization : Time (s): cpu = 00:01:14 ; elapsed = 00:02:05 . Memory (MB): peak = 594.773 ; gain = 354.832
Finished Technology Mapping : Time (s): cpu = 00:01:14 ; elapsed = 00:02:06 . Memory (MB): peak = 603.914 ; gain = 363.973
Finished IO Insertion : Time (s): cpu = 00:01:18 ; elapsed = 00:02:09 . Memory (MB): peak = 603.914 ; gain = 363.973
Finished Renaming Generated Instances : Time (s): cpu = 00:01:18 ; elapsed = 00:02:10 . Memory (MB): peak = 603.914 ; gain = 363.973
Finished Rebuilding User Hierarchy : Time (s): cpu = 00:01:18 ; elapsed = 00:02:10 . Memory (MB): peak = 603.914 ; gain = 363.973
Finished Renaming Generated Ports : Time (s): cpu = 00:01:18 ; elapsed = 00:02:10 . Memory (MB): peak = 603.914 ; gain = 363.973
Finished Handling Custom Attributes : Time (s): cpu = 00:01:18 ; elapsed = 00:02:10 . Memory (MB): peak = 603.914 ; gain = 363.973
Finished Renaming Generated Nets : Time (s): cpu = 00:01:18 ; elapsed = 00:02:10 . Memory (MB): peak = 603.914 ; gain = 363.973

Report Cell Usage: 
+------+-----------+------+
|      |Cell       |Count |
+------+-----------+------+
|1     |BUFG       |     2|
|2     |MMCME2_ADV |     1|
|3     |IBUF       |     1|
+------+-----------+------+
Finished Writing Synthesis Report : Time (s): cpu = 00:01:18 ; elapsed = 00:02:10 . Memory (MB): peak = 603.914 ; gain = 363.973
synth_design: Time (s): cpu = 00:01:21 ; elapsed = 00:02:18 . Memory (MB): peak = 616.410 ; gain = 379.098
