Unable to capture context for thread 1976 in process 3012, can not generate back trace
Exception at PC 0x000007FEE334BB93
Printing stacktrace...

[0]  [0x000007FEE334BB93]
[1]  [0x000007FEE334BB93]
[2]  [0x000007FEE334B4A1]
[3]  [0x000007FEE334B3EF]
[4]  [0x000007FEE33319FE]
[5]  [0x000007FEE3330ED1]
[6]  [0x000007FEE3330D76]
[7]  [0x000007FEE32D79F6]
[8]  [0x000007FEE32C7AFB]
[9]  [0x000007FEE33EE90A]
[10]  [0x000007FEE3409F87]
[11]  [0x000007FEE340A05F]
[12] (BaseThreadInitThunk+0xd) [0x00000000779F59CD]
[13] (RtlUserThreadStart+0x1d) [0x0000000077B5383D]
Done
Exception at PC 0x000007FEE3051A52
Attemped to write at address 0x000007FEE7CDABA4
Printing stacktrace...

[0]  [0x000007FEE3051A52]
[1]  [0x000007FEE3051A52]
[2]  [0x000007FEE3051AD4]
[3]  [0x000007FEE3193FF7]
[4]  [0x000007FEE3079128]
[5]  [0x000007FEE332DFB9]
[6]  [0x000007FEE34FEF23]
[7]  [0x000007FEE340B06B]
[8]  [0x000007FEE34008AF]
[9]  [0x000007FEE3400A32]
[10] (LdrShutdownProcess+0x1db) [0x0000000077B375EB]
[11] (RtlExitUserProcess+0x90) [0x0000000077B3C040]
[12] (wcstoui64+0x2fa) [0x000007FEFF5699E2]
[13]  [0x00000000004014CD]
[14]  [0x000000000040151B]
[15] (BaseThreadInitThunk+0xd) [0x00000000779F59CD]
[16] (RtlUserThreadStart+0x1d) [0x0000000077B5383D]
Done
