
*** Running vivado
    with args -log logo_rom.vds -m64 -product Vivado -mode batch -messageDb vivado.pb -notrace -source logo_rom.tcl


****** Vivado v2017.2 (64-bit)
  **** SW Build 1909853 on Thu Jun 15 18:39:09 MDT 2017
  **** IP Build 1909766 on Thu Jun 15 19:58:00 MDT 2017
    ** Copyright 1986-2017 Xilinx, Inc. All Rights Reserved.

source logo_rom.tcl -notrace
Starting RTL Elaboration : Time (s): cpu = 00:00:10 ; elapsed = 00:00:14 . Memory (MB): peak = 319.797 ; gain = 80.605
INFO: [Synth 8-638] synthesizing module 'logo_rom' [e:/program/vivado_workspace/vga_exp/vga_exp.srcs/sources_1/ip/logo_rom/synth/logo_rom.vhd:67]
INFO: [Synth 8-256] done synthesizing module 'logo_rom' (11#1) [e:/program/vivado_workspace/vga_exp/vga_exp.srcs/sources_1/ip/logo_rom/synth/logo_rom.vhd:67]
Finished RTL Elaboration : Time (s): cpu = 00:02:33 ; elapsed = 00:02:53 . Memory (MB): peak = 525.762 ; gain = 286.570
Finished RTL Optimization Phase 1 : Time (s): cpu = 00:02:33 ; elapsed = 00:02:56 . Memory (MB): peak = 525.762 ; gain = 286.570
INFO: [Device 21-403] Loading part xc7a35tcsg324-1
Constraint Validation Runtime : Time (s): cpu = 00:00:00 ; elapsed = 00:00:00.165 . Memory (MB): peak = 606.090 ; gain = 0.000
Finished Constraint Validation : Time (s): cpu = 00:03:08 ; elapsed = 00:03:46 . Memory (MB): peak = 606.090 ; gain = 366.898
Finished Loading Part and Timing Information : Time (s): cpu = 00:03:08 ; elapsed = 00:03:46 . Memory (MB): peak = 606.090 ; gain = 366.898
Finished applying 'set_property' XDC Constraints : Time (s): cpu = 00:03:08 ; elapsed = 00:03:46 . Memory (MB): peak = 606.090 ; gain = 366.898
Finished RTL Optimization Phase 2 : Time (s): cpu = 00:03:10 ; elapsed = 00:03:48 . Memory (MB): peak = 606.090 ; gain = 366.898
Finished Cross Boundary and Area Optimization : Time (s): cpu = 00:03:12 ; elapsed = 00:03:52 . Memory (MB): peak = 606.090 ; gain = 366.898
Finished Applying XDC Timing Constraints : Time (s): cpu = 00:03:38 ; elapsed = 00:04:20 . Memory (MB): peak = 630.465 ; gain = 391.273
Finished Timing Optimization : Time (s): cpu = 00:03:38 ; elapsed = 00:04:20 . Memory (MB): peak = 630.465 ; gain = 391.273
Finished Technology Mapping : Time (s): cpu = 00:03:38 ; elapsed = 00:04:21 . Memory (MB): peak = 649.750 ; gain = 410.559
Finished IO Insertion : Time (s): cpu = 00:03:42 ; elapsed = 00:04:25 . Memory (MB): peak = 649.750 ; gain = 410.559
Finished Renaming Generated Instances : Time (s): cpu = 00:03:42 ; elapsed = 00:04:25 . Memory (MB): peak = 649.750 ; gain = 410.559
Finished Rebuilding User Hierarchy : Time (s): cpu = 00:03:42 ; elapsed = 00:04:25 . Memory (MB): peak = 649.750 ; gain = 410.559
Finished Renaming Generated Ports : Time (s): cpu = 00:03:42 ; elapsed = 00:04:25 . Memory (MB): peak = 649.750 ; gain = 410.559
Finished Handling Custom Attributes : Time (s): cpu = 00:03:42 ; elapsed = 00:04:25 . Memory (MB): peak = 649.750 ; gain = 410.559
Finished Renaming Generated Nets : Time (s): cpu = 00:03:42 ; elapsed = 00:04:25 . Memory (MB): peak = 649.750 ; gain = 410.559

Report Cell Usage: 
+------+-----------+------+
|      |Cell       |Count |
+------+-----------+------+
|1     |LUT2       |     3|
|2     |LUT3       |    10|
|3     |LUT4       |     9|
|4     |MUXF7      |     9|
|5     |RAMB18E1   |     1|
|6     |RAMB18E1_1 |     1|
|7     |RAMB36E1   |     1|
|8     |RAMB36E1_1 |     1|
|9     |RAMB36E1_2 |     1|
|10    |RAMB36E1_3 |     1|
|11    |FDRE       |     6|
+------+-----------+------+
Finished Writing Synthesis Report : Time (s): cpu = 00:03:42 ; elapsed = 00:04:25 . Memory (MB): peak = 649.750 ; gain = 410.559
synth_design: Time (s): cpu = 00:03:47 ; elapsed = 00:04:34 . Memory (MB): peak = 649.750 ; gain = 412.188
